

Started GET "/" for 122.164.22.197 at 2013-12-01 08:29:16 +0000
Processing by Rails::WelcomeController#index as HTML
  Rendered /home/action/.rvm/gems/ruby-2.0.0-p247@learn-rails/gems/railties-4.0.1/lib/rails/templates/rails/welcome/index.html.erb (1.9ms)
Completed 200 OK in 37ms (Views: 18.6ms | ActiveRecord: 0.0ms)


Started GET "/rails/info/properties" for 122.164.22.197 at 2013-12-01 08:29:26 +0000
Processing by Rails::InfoController#properties as */*
  Rendered /home/action/.rvm/gems/ruby-2.0.0-p247@learn-rails/gems/railties-4.0.1/lib/rails/templates/rails/info/properties.html.erb (2.3ms)
Completed 200 OK in 25ms (Views: 18.9ms | ActiveRecord: 1.4ms)


Started GET "/" for 122.164.22.197 at 2013-12-01 08:30:00 +0000
Processing by Rails::WelcomeController#index as HTML
  Rendered /home/action/.rvm/gems/ruby-2.0.0-p247@learn-rails/gems/railties-4.0.1/lib/rails/templates/rails/welcome/index.html.erb (0.1ms)
Completed 200 OK in 3ms (Views: 2.5ms | ActiveRecord: 0.0ms)


Started GET "/" for 122.164.22.197 at 2013-12-01 08:30:48 +0000
Processing by Rails::WelcomeController#index as HTML
  Rendered /home/action/.rvm/gems/ruby-2.0.0-p247@learn-rails/gems/railties-4.0.1/lib/rails/templates/rails/welcome/index.html.erb (0.1ms)
Completed 200 OK in 6ms (Views: 6.0ms | ActiveRecord: 0.0ms)


Started GET "/" for 103.3.230.130 at 2013-12-12 09:21:05 +0000
Processing by Rails::WelcomeController#index as HTML
  Rendered /home/action/.rvm/gems/ruby-2.0.0-p247@learn-rails/gems/railties-4.0.1/lib/rails/templates/rails/welcome/index.html.erb (7.7ms)
Completed 200 OK in 86ms (Views: 64.6ms | ActiveRecord: 0.0ms)
